<?xml version="1.0" encoding="UTF-8"?>
<testng-results skipped="0" failed="0" total="1" passed="1">
  <reporter-output>
  </reporter-output>
  <suite name="Suite" duration-ms="48" started-at="2017-07-23T07:03:05Z" finished-at="2017-07-23T07:03:05Z">
    <groups>
    </groups>
    <test name="Test" duration-ms="48" started-at="2017-07-23T07:03:05Z" finished-at="2017-07-23T07:03:05Z">
      <class name="com.krishna.ci.DemoCode">
        <test-method status="PASS" signature="demoMethod()[pri:0, instance:com.krishna.ci.DemoCode@5e5792a0]" name="demoMethod" duration-ms="16" started-at="2017-07-23T12:33:05Z" finished-at="2017-07-23T12:33:05Z">
          <reporter-output>
          </reporter-output>
        </test-method> <!-- demoMethod -->
      </class> <!-- com.krishna.ci.DemoCode -->
    </test> <!-- Test -->
  </suite> <!-- Suite -->
</testng-results>
